#
# A fatal error has been detected by the Java Runtime Environment:
#
#  SIGSEGV (0xb) at pc=0x00007f3c71d83717, pid=18270, tid=139897417283328
#
# JRE version: 7.0_25-b30
# Java VM: OpenJDK 64-Bit Server VM (23.7-b01 mixed mode linux-amd64 compressed oops)
# Problematic frame:
# V  [libjvm.so+0x528717]  java_lang_String::length(oopDesc*) [clone .part.113]+0x37
#
# Failed to write core dump. Core dumps have been disabled. To enable core dumping, try "ulimit -c unlimited" before starting Java again
#
# If you would like to submit a bug report, please include
# instructions on how to reproduce the bug and visit:
#   http://icedtea.classpath.org/bugzilla
#

---------------  T H R E A D  ---------------

Current thread (0x00000000009c9000):  JavaThread "JDWP Transport Listener: dt_socket" daemon [_thread_in_vm, id=18288, stack(0x00007f3c67ccb000,0x00007f3c67dcc000)]

siginfo:si_signo=SIGSEGV: si_errno=0, si_code=1 (SEGV_MAPERR), si_addr=0x000000000000000c

Registers:
RAX=0x0000000000000000, RBX=0x0000000000000000, RCX=0x00007f3c730e32a0, RDX=0x000000000000000c
RSP=0x00007f3c67dcaab0, RBP=0x00007f3c67dcaab0, RSI=0x0000000000000006, RDI=0x00000000eb958bc8
R8 =0x0000000000000008, R9 =0x0101010101010101, R10=0x000000000000000a, R11=0x00007f3c7259c7ba
R12=0x0000000000000001, R13=0x0000000000000000, R14=0x00007f3c67dcac20, R15=0x0000000000000000
RIP=0x00007f3c71d83717, EFLAGS=0x0000000000010246, CSGSFS=0x0000000000000033, ERR=0x0000000000000004
  TRAPNO=0x000000000000000e

Top of Stack: (sp=0x00007f3c67dcaab0)
0x00007f3c67dcaab0:   00007f3c67dcaae0 00007f3c71d843f5
0x00007f3c67dcaac0:   00000000009c9000 00000000009c9000
0x00007f3c67dcaad0:   00007f3c600050f8 00000000eb958bc8
0x00007f3c67dcaae0:   00007f3c67dcab50 00007f3c71d94162
0x00007f3c67dcaaf0:   00007f3c70a75ea0 0000000000000000
0x00007f3c67dcab00:   00000000009c9000 0000000000000000
0x00007f3c67dcab10:   00007f3c600050f8 00007f3c67dcabf0
0x00007f3c67dcab20:   00000000009c9000 00000000009c91d8
0x00007f3c67dcab30:   00007f3c70a75ea0 00007f3c600050f8
0x00007f3c67dcab40:   00007f3c67dcac20 000000000000000a
0x00007f3c67dcab50:   00007f3c67dcab90 00007f3c70843fe2
0x00007f3c67dcab60:   000000000000000a 0000000000010a00
0x00007f3c67dcab70:   000000000000000a 0000000000000001
0x00007f3c67dcab80:   00007f3c70a75ea0 000000000000000a
0x00007f3c67dcab90:   00007f3c67dcade0 00007f3c7084c780
0x00007f3c67dcaba0:   00004d2400000013 0100000000010a00
0x00007f3c67dcabb0:   00000000008a64e0 00007f3c72ed6704
0x00007f3c67dcabc0:   00000000009bf3b0 00000000009c9000
0x00007f3c67dcabd0:   00004d2400000013 0100000000010a00
0x00007f3c67dcabe0:   00000000008a64e0 00007f3c71e41d10
0x00007f3c67dcabf0:   00000000008a64e8 000000000000000b
0x00007f3c67dcac00:   00004d2400000013 0100000000010a00
0x00007f3c67dcac10:   00000000008a64e0 00007f3c60072810
0x00007f3c67dcac20:   00007f3c67dcac70 000000000000012c
0x00007f3c67dcac30:   00007f3c67dcac38 0000000000000000
0x00007f3c67dcac40:   00007f3c67dcac70 0000000000000000
0x00007f3c67dcac50:   0000000000000000 00004d2400000013
0x00007f3c67dcac60:   00007f3c00009580 00007f3c67dcac70
0x00007f3c67dcac70:   6e69616d04000000 0000000000000000
0x00007f3c67dcac80:   7369687404000000 76616a4c12000000
0x00007f3c67dcac90:   532f676e616c2f61 00003b676e697274
0x00007f3c67dcaca0:   0000430000000000 0000000000000000 

Instructions: (pc=0x00007f3c71d83717)
0x00007f3c71d836f7:   8b 14 07 31 c0 85 d2 74 12 89 d0 48 8b 15 ff 3b
0x00007f3c71d83707:   74 00 8b 4a 08 48 d3 e0 48 03 02 ba 0c 00 00 00
0x00007f3c71d83717:   8b 04 10 5d c3 0f 1f 40 00 48 8b 04 07 ba 10 00
0x00007f3c71d83727:   00 00 5d 8b 04 10 c3 66 90 55 48 89 d0 48 89 ca 

Register to memory mapping:

RAX=0x0000000000000000 is an unknown value
RBX=0x0000000000000000 is an unknown value
RCX=0x00007f3c730e32a0: <offset 0x2172a0> in /lib/x86_64-linux-gnu/libpthread.so.0 at 0x00007f3c72ecc000
RDX=0x000000000000000c is an unknown value
RSP=0x00007f3c67dcaab0 is pointing into the stack for thread: 0x00000000009c9000
RBP=0x00007f3c67dcaab0 is pointing into the stack for thread: 0x00000000009c9000
RSI=0x0000000000000006 is an unknown value
RDI=0x00000000eb958bc8 is an oop
java.lang.String 
 - klass: 'java/lang/String'
R8 =0x0000000000000008 is an unknown value
R9 =0x0101010101010101 is an unknown value
R10=0x000000000000000a is an unknown value
R11=0x00007f3c7259c7ba: <offset 0x837ba> in /lib/x86_64-linux-gnu/libc.so.6 at 0x00007f3c72519000
R12=0x0000000000000001 is an unknown value
R13=0x0000000000000000 is an unknown value
R14=0x00007f3c67dcac20 is pointing into the stack for thread: 0x00000000009c9000
R15=0x0000000000000000 is an unknown value


Stack: [0x00007f3c67ccb000,0x00007f3c67dcc000],  sp=0x00007f3c67dcaab0,  free space=1022k
Native frames: (J=compiled Java code, j=interpreted, Vv=VM code, C=native code)
V  [libjvm.so+0x528717]  java_lang_String::length(oopDesc*) [clone .part.113]+0x37
V  [libjvm.so+0x5293f5]  java_lang_String::utf8_length(oopDesc*)+0xa5
V  [libjvm.so+0x539162]  jni_GetStringUTFChars+0x82
C  [libjdwp.so+0x8fe2]  getenv+0x8fe2
C  [libjdwp.so+0x11780]  Agent_OnLoad+0x2970
C  [libjdwp.so+0x2357e]  Agent_OnLoad+0x1476e
V  [libjvm.so+0x5e226b]  JvmtiAgentThread::call_start_function()+0x9b
V  [libjvm.so+0x80f542]  JavaThread::thread_main_inner()+0xf2
V  [libjvm.so+0x6f3ba2]  java_start(Thread*)+0xf2


---------------  P R O C E S S  ---------------

Java Threads: ( => current thread )
  0x00007f3c60007800 JavaThread "Service Thread" daemon [_thread_blocked, id=18297, stack(0x00007f3c677c6000,0x00007f3c678c7000)]
  0x00007f3c60004800 JavaThread "C2 CompilerThread1" daemon [_thread_blocked, id=18296, stack(0x00007f3c678c7000,0x00007f3c679c8000)]
  0x00000000009d9000 JavaThread "C2 CompilerThread0" daemon [_thread_blocked, id=18295, stack(0x00007f3c679c8000,0x00007f3c67ac9000)]
  0x00007f3c60001000 JavaThread "JDWP Command Reader" daemon [_thread_in_native, id=18292, stack(0x00007f3c67ac9000,0x00007f3c67bca000)]
  0x00000000009cc800 JavaThread "JDWP Event Helper Thread" daemon [_thread_blocked, id=18290, stack(0x00007f3c67bca000,0x00007f3c67ccb000)]
=>0x00000000009c9000 JavaThread "JDWP Transport Listener: dt_socket" daemon [_thread_in_vm, id=18288, stack(0x00007f3c67ccb000,0x00007f3c67dcc000)]
  0x00000000009bc000 JavaThread "Signal Dispatcher" daemon [_thread_blocked, id=18286, stack(0x00007f3c67fd1000,0x00007f3c680d2000)]
  0x000000000095d800 JavaThread "Finalizer" daemon [_thread_blocked, id=18284, stack(0x00007f3c680d2000,0x00007f3c681d3000)]
  0x000000000095b800 JavaThread "Reference Handler" daemon [_thread_blocked, id=18283, stack(0x00007f3c681d3000,0x00007f3c682d4000)]
  0x00000000008b4800 JavaThread "main" [_thread_blocked, id=18277, stack(0x00007f3c731d5000,0x00007f3c732d6000)]

Other Threads:
  0x0000000000953000 VMThread [stack: 0x00007f3c682d4000,0x00007f3c683d5000] [id=18282]
  0x00007f3c6000a800 WatcherThread [stack: 0x00007f3c676c5000,0x00007f3c677c6000] [id=18298]

VM state:not at safepoint (normal execution)

VM Mutex/Monitor currently owned by a thread: None

Heap
 PSYoungGen      total 18368K, used 948K [0x00000000eb8b0000, 0x00000000ecd20000, 0x0000000100000000)
  eden space 15808K, 6% used [0x00000000eb8b0000,0x00000000eb99d2c0,0x00000000ec820000)
  from space 2560K, 0% used [0x00000000ecaa0000,0x00000000ecaa0000,0x00000000ecd20000)
  to   space 2560K, 0% used [0x00000000ec820000,0x00000000ec820000,0x00000000ecaa0000)
 ParOldGen       total 41920K, used 0K [0x00000000c2a00000, 0x00000000c52f0000, 0x00000000eb8b0000)
  object space 41920K, 0% used [0x00000000c2a00000,0x00000000c2a00000,0x00000000c52f0000)
 PSPermGen       total 21248K, used 2815K [0x00000000b8400000, 0x00000000b98c0000, 0x00000000c2a00000)
  object space 21248K, 13% used [0x00000000b8400000,0x00000000b86bfdc0,0x00000000b98c0000)

Card table byte_map: [0x00007f3c6c841000,0x00007f3c6ca80000] byte_map_base: 0x00007f3c6c27f000

Polling page: 0x00007f3c73304000

Code Cache  [0x00007f3c6ca80000, 0x00007f3c6ccf0000, 0x00007f3c6fa80000)
 total_blobs=154 nmethods=0 adapters=130 free_code_cache=48779Kb largest_free_block=49950144

Compilation events (0 events):
No events

GC Heap History (0 events):
No events

Deoptimization events (0 events):
No events

Internal exceptions (5 events):
Event: 0.023 Thread 0x00000000008b4800 Threw 0x00000000eb8b6140 at /home/jmm/scratch/jdk/openjdk-7-7u25-2.3.10/build/openjdk/hotspot/src/share/vm/prims/jni.cpp:3994
Event: 0.126 Thread 0x00000000008b4800 Threw 0x00000000eb9506f0 at /home/jmm/scratch/jdk/openjdk-7-7u25-2.3.10/build/openjdk/hotspot/src/share/vm/prims/jni.cpp:716
Event: 0.126 Thread 0x00000000008b4800 Threw 0x00000000eb950888 at /home/jmm/scratch/jdk/openjdk-7-7u25-2.3.10/build/openjdk/hotspot/src/share/vm/prims/jvm.cpp:1235
Event: 0.126 Thread 0x00000000008b4800 Threw 0x00000000eb9509b0 at /home/jmm/scratch/jdk/openjdk-7-7u25-2.3.10/build/openjdk/hotspot/src/share/vm/prims/jvm.cpp:1235
Event: 0.127 Thread 0x00000000008b4800 Threw 0x00000000eb953488 at /home/jmm/scratch/jdk/openjdk-7-7u25-2.3.10/build/openjdk/hotspot/src/share/vm/prims/jvm.cpp:1235

Events (10 events):
Event: 421.787 Executing VM operation: GetCurrentLocation
Event: 421.787 Executing VM operation: GetCurrentLocation done
Event: 421.787 Executing VM operation: ChangeSingleStep
Event: 421.787 Executing VM operation: ChangeSingleStep done
Event: 421.787 Executing VM operation: ChangeSingleStep
Event: 421.787 Executing VM operation: ChangeSingleStep done
Event: 421.803 Executing VM operation: GetOrSetLocal
Event: 421.803 Executing VM operation: GetOrSetLocal done
Event: 421.810 Executing VM operation: GetOrSetLocal
Event: 421.810 Executing VM operation: GetOrSetLocal done


Dynamic libraries:
00400000-00401000 r-xp 00000000 08:03 2368884                            /usr/lib/jvm/java-7-openjdk-amd64/jre/bin/java
00600000-00601000 r--p 00000000 08:03 2368884                            /usr/lib/jvm/java-7-openjdk-amd64/jre/bin/java
00601000-00602000 rw-p 00001000 08:03 2368884                            /usr/lib/jvm/java-7-openjdk-amd64/jre/bin/java
008a6000-009f9000 rw-p 00000000 00:00 0                                  [heap]
b8400000-b98c0000 rw-p 00000000 00:00 0 
b98c0000-c2a00000 rw-p 00000000 00:00 0 
c2a00000-c52f0000 rw-p 00000000 00:00 0 
c52f0000-eb8b0000 rw-p 00000000 00:00 0 
eb8b0000-ecd20000 rw-p 00000000 00:00 0 
ecd20000-100000000 rw-p 00000000 00:00 0 
7f3c60000000-7f3c6007e000 rw-p 00000000 00:00 0 
7f3c6007e000-7f3c64000000 ---p 00000000 00:00 0 
7f3c674b8000-7f3c676c5000 rw-p 00000000 00:00 0 
7f3c676c5000-7f3c676c6000 ---p 00000000 00:00 0 
7f3c676c6000-7f3c677c6000 rw-p 00000000 00:00 0 
7f3c677c6000-7f3c677c9000 ---p 00000000 00:00 0 
7f3c677c9000-7f3c678c7000 rw-p 00000000 00:00 0 
7f3c678c7000-7f3c678ca000 ---p 00000000 00:00 0 
7f3c678ca000-7f3c679c8000 rw-p 00000000 00:00 0 
7f3c679c8000-7f3c679cb000 ---p 00000000 00:00 0 
7f3c679cb000-7f3c67ac9000 rw-p 00000000 00:00 0 
7f3c67ac9000-7f3c67acc000 ---p 00000000 00:00 0 
7f3c67acc000-7f3c67bca000 rw-p 00000000 00:00 0 
7f3c67bca000-7f3c67bcd000 ---p 00000000 00:00 0 
7f3c67bcd000-7f3c67ccb000 rw-p 00000000 00:00 0 
7f3c67ccb000-7f3c67cce000 ---p 00000000 00:00 0 
7f3c67cce000-7f3c67dcc000 rw-p 00000000 00:00 0 
7f3c67dcc000-7f3c67dd0000 r-xp 00000000 08:03 2497876                    /usr/lib/jvm/java-7-openjdk-amd64/jre/lib/amd64/libdt_socket.so
7f3c67dd0000-7f3c67fcf000 ---p 00004000 08:03 2497876                    /usr/lib/jvm/java-7-openjdk-amd64/jre/lib/amd64/libdt_socket.so
7f3c67fcf000-7f3c67fd0000 r--p 00003000 08:03 2497876                    /usr/lib/jvm/java-7-openjdk-amd64/jre/lib/amd64/libdt_socket.so
7f3c67fd0000-7f3c67fd1000 rw-p 00004000 08:03 2497876                    /usr/lib/jvm/java-7-openjdk-amd64/jre/lib/amd64/libdt_socket.so
7f3c67fd1000-7f3c67fd4000 ---p 00000000 00:00 0 
7f3c67fd4000-7f3c680d2000 rw-p 00000000 00:00 0 
7f3c680d2000-7f3c680d5000 ---p 00000000 00:00 0 
7f3c680d5000-7f3c681d3000 rw-p 00000000 00:00 0 
7f3c681d3000-7f3c681d6000 ---p 00000000 00:00 0 
7f3c681d6000-7f3c682d4000 rw-p 00000000 00:00 0 
7f3c682d4000-7f3c682d5000 ---p 00000000 00:00 0 
7f3c682d5000-7f3c693f5000 rw-p 00000000 00:00 0 
7f3c693f5000-7f3c695a2000 r--s 01cec000 08:03 2497899                    /usr/lib/jvm/java-7-openjdk-amd64/jre/lib/rt.jar
7f3c695a2000-7f3c6c2a2000 rw-p 00000000 00:00 0 
7f3c6c2a2000-7f3c6c2a3000 ---p 00000000 00:00 0 
7f3c6c2a3000-7f3c6c3a3000 rw-p 00000000 00:00 0 
7f3c6c3a3000-7f3c6c3a4000 ---p 00000000 00:00 0 
7f3c6c3a4000-7f3c6c4a4000 rw-p 00000000 00:00 0 
7f3c6c4a4000-7f3c6c4a5000 ---p 00000000 00:00 0 
7f3c6c4a5000-7f3c6c5a5000 rw-p 00000000 00:00 0 
7f3c6c5a5000-7f3c6c5a6000 ---p 00000000 00:00 0 
7f3c6c5a6000-7f3c6c6b1000 rw-p 00000000 00:00 0 
7f3c6c6b1000-7f3c6c6f9000 rw-p 00000000 00:00 0 
7f3c6c6f9000-7f3c6c70e000 rw-p 00000000 00:00 0 
7f3c6c70e000-7f3c6c841000 rw-p 00000000 00:00 0 
7f3c6c841000-7f3c6c84c000 rw-p 00000000 00:00 0 
7f3c6c84c000-7f3c6c894000 rw-p 00000000 00:00 0 
7f3c6c894000-7f3c6c8a9000 rw-p 00000000 00:00 0 
7f3c6c8a9000-7f3c6c9db000 rw-p 00000000 00:00 0 
7f3c6c9db000-7f3c6c9e6000 rw-p 00000000 00:00 0 
7f3c6c9e6000-7f3c6ca7f000 rw-p 00000000 00:00 0 
7f3c6ca7f000-7f3c6ca80000 rw-p 00000000 00:00 0 
7f3c6ca80000-7f3c6ccf0000 rwxp 00000000 00:00 0 
7f3c6ccf0000-7f3c6fa80000 rw-p 00000000 00:00 0 
7f3c6fa80000-7f3c6fa88000 r-xp 00000000 08:03 2497895                    /usr/lib/jvm/java-7-openjdk-amd64/jre/lib/amd64/libzip.so
7f3c6fa88000-7f3c6fc87000 ---p 00008000 08:03 2497895                    /usr/lib/jvm/java-7-openjdk-amd64/jre/lib/amd64/libzip.so
7f3c6fc87000-7f3c6fc88000 r--p 00007000 08:03 2497895                    /usr/lib/jvm/java-7-openjdk-amd64/jre/lib/amd64/libzip.so
7f3c6fc88000-7f3c6fc89000 rw-p 00008000 08:03 2497895                    /usr/lib/jvm/java-7-openjdk-amd64/jre/lib/amd64/libzip.so
7f3c6fc89000-7f3c6fc94000 r-xp 00000000 08:03 262171                     /lib/x86_64-linux-gnu/libnss_files-2.13.so
7f3c6fc94000-7f3c6fe93000 ---p 0000b000 08:03 262171                     /lib/x86_64-linux-gnu/libnss_files-2.13.so
7f3c6fe93000-7f3c6fe94000 r--p 0000a000 08:03 262171                     /lib/x86_64-linux-gnu/libnss_files-2.13.so
7f3c6fe94000-7f3c6fe95000 rw-p 0000b000 08:03 262171                     /lib/x86_64-linux-gnu/libnss_files-2.13.so
7f3c6fe95000-7f3c6fe9f000 r-xp 00000000 08:03 262183                     /lib/x86_64-linux-gnu/libnss_nis-2.13.so
7f3c6fe9f000-7f3c7009e000 ---p 0000a000 08:03 262183                     /lib/x86_64-linux-gnu/libnss_nis-2.13.so
7f3c7009e000-7f3c7009f000 r--p 00009000 08:03 262183                     /lib/x86_64-linux-gnu/libnss_nis-2.13.so
7f3c7009f000-7f3c700a0000 rw-p 0000a000 08:03 262183                     /lib/x86_64-linux-gnu/libnss_nis-2.13.so
7f3c700a0000-7f3c700b5000 r-xp 00000000 08:03 262181                     /lib/x86_64-linux-gnu/libnsl-2.13.so
7f3c700b5000-7f3c702b4000 ---p 00015000 08:03 262181                     /lib/x86_64-linux-gnu/libnsl-2.13.so
7f3c702b4000-7f3c702b5000 r--p 00014000 08:03 262181                     /lib/x86_64-linux-gnu/libnsl-2.13.so
7f3c702b5000-7f3c702b6000 rw-p 00015000 08:03 262181                     /lib/x86_64-linux-gnu/libnsl-2.13.so
7f3c702b6000-7f3c702b8000 rw-p 00000000 00:00 0 
7f3c702b8000-7f3c702bf000 r-xp 00000000 08:03 262173                     /lib/x86_64-linux-gnu/libnss_compat-2.13.so
7f3c702bf000-7f3c704be000 ---p 00007000 08:03 262173                     /lib/x86_64-linux-gnu/libnss_compat-2.13.so
7f3c704be000-7f3c704bf000 r--p 00006000 08:03 262173                     /lib/x86_64-linux-gnu/libnss_compat-2.13.so
7f3c704bf000-7f3c704c0000 rw-p 00007000 08:03 262173                     /lib/x86_64-linux-gnu/libnss_compat-2.13.so
7f3c704c0000-7f3c70637000 r--p 00000000 08:03 792936                     /usr/lib/locale/locale-archive
7f3c70637000-7f3c7063a000 r-xp 00000000 08:03 2497894                    /usr/lib/jvm/java-7-openjdk-amd64/jre/lib/amd64/libnpt.so
7f3c7063a000-7f3c70839000 ---p 00003000 08:03 2497894                    /usr/lib/jvm/java-7-openjdk-amd64/jre/lib/amd64/libnpt.so
7f3c70839000-7f3c7083a000 r--p 00002000 08:03 2497894                    /usr/lib/jvm/java-7-openjdk-amd64/jre/lib/amd64/libnpt.so
7f3c7083a000-7f3c7083b000 rw-p 00003000 08:03 2497894                    /usr/lib/jvm/java-7-openjdk-amd64/jre/lib/amd64/libnpt.so
7f3c7083b000-7f3c70875000 r-xp 00000000 08:03 2497891                    /usr/lib/jvm/java-7-openjdk-amd64/jre/lib/amd64/libjdwp.so
7f3c70875000-7f3c70a74000 ---p 0003a000 08:03 2497891                    /usr/lib/jvm/java-7-openjdk-amd64/jre/lib/amd64/libjdwp.so
7f3c70a74000-7f3c70a75000 r--p 00039000 08:03 2497891                    /usr/lib/jvm/java-7-openjdk-amd64/jre/lib/amd64/libjdwp.so
7f3c70a75000-7f3c70a76000 rw-p 0003a000 08:03 2497891                    /usr/lib/jvm/java-7-openjdk-amd64/jre/lib/amd64/libjdwp.so
7f3c70a76000-7f3c70aa0000 r-xp 00000000 08:03 2497886                    /usr/lib/jvm/java-7-openjdk-amd64/jre/lib/amd64/libjava.so
7f3c70aa0000-7f3c70ca0000 ---p 0002a000 08:03 2497886                    /usr/lib/jvm/java-7-openjdk-amd64/jre/lib/amd64/libjava.so
7f3c70ca0000-7f3c70ca1000 r--p 0002a000 08:03 2497886                    /usr/lib/jvm/java-7-openjdk-amd64/jre/lib/amd64/libjava.so
7f3c70ca1000-7f3c70ca3000 rw-p 0002b000 08:03 2497886                    /usr/lib/jvm/java-7-openjdk-amd64/jre/lib/amd64/libjava.so
7f3c70ca3000-7f3c70cb2000 r-xp 00000000 08:03 2497872                    /usr/lib/jvm/java-7-openjdk-amd64/jre/lib/amd64/libverify.so
7f3c70cb2000-7f3c70eb1000 ---p 0000f000 08:03 2497872                    /usr/lib/jvm/java-7-openjdk-amd64/jre/lib/amd64/libverify.so
7f3c70eb1000-7f3c70eb3000 r--p 0000e000 08:03 2497872                    /usr/lib/jvm/java-7-openjdk-amd64/jre/lib/amd64/libverify.so
7f3c70eb3000-7f3c70eb4000 rw-p 00010000 08:03 2497872                    /usr/lib/jvm/java-7-openjdk-amd64/jre/lib/amd64/libverify.so
7f3c70eb4000-7f3c70ebb000 r-xp 00000000 08:03 262172                     /lib/x86_64-linux-gnu/librt-2.13.so
7f3c70ebb000-7f3c710ba000 ---p 00007000 08:03 262172                     /lib/x86_64-linux-gnu/librt-2.13.so
7f3c710ba000-7f3c710bb000 r--p 00006000 08:03 262172                     /lib/x86_64-linux-gnu/librt-2.13.so
7f3c710bb000-7f3c710bc000 rw-p 00007000 08:03 262172                     /lib/x86_64-linux-gnu/librt-2.13.so
7f3c710bc000-7f3c710d1000 r-xp 00000000 08:03 262186                     /lib/x86_64-linux-gnu/libgcc_s.so.1
7f3c710d1000-7f3c712d1000 ---p 00015000 08:03 262186                     /lib/x86_64-linux-gnu/libgcc_s.so.1
7f3c712d1000-7f3c712d2000 rw-p 00015000 08:03 262186                     /lib/x86_64-linux-gnu/libgcc_s.so.1
7f3c712d2000-7f3c71353000 r-xp 00000000 08:03 262174                     /lib/x86_64-linux-gnu/libm-2.13.so
7f3c71353000-7f3c71552000 ---p 00081000 08:03 262174                     /lib/x86_64-linux-gnu/libm-2.13.so
7f3c71552000-7f3c71553000 r--p 00080000 08:03 262174                     /lib/x86_64-linux-gnu/libm-2.13.so
7f3c71553000-7f3c71554000 rw-p 00081000 08:03 262174                     /lib/x86_64-linux-gnu/libm-2.13.so
7f3c71554000-7f3c7163c000 r-xp 00000000 08:03 790870                     /usr/lib/x86_64-linux-gnu/libstdc++.so.6.0.17
7f3c7163c000-7f3c7183c000 ---p 000e8000 08:03 790870                     /usr/lib/x86_64-linux-gnu/libstdc++.so.6.0.17
7f3c7183c000-7f3c71844000 r--p 000e8000 08:03 790870                     /usr/lib/x86_64-linux-gnu/libstdc++.so.6.0.17
7f3c71844000-7f3c71846000 rw-p 000f0000 08:03 790870                     /usr/lib/x86_64-linux-gnu/libstdc++.so.6.0.17
7f3c71846000-7f3c7185b000 rw-p 00000000 00:00 0 
7f3c7185b000-7f3c7224c000 r-xp 00000000 08:03 2637165                    /usr/lib/jvm/java-7-openjdk-amd64/jre/lib/amd64/server/libjvm.so
7f3c7224c000-7f3c7244c000 ---p 009f1000 08:03 2637165                    /usr/lib/jvm/java-7-openjdk-amd64/jre/lib/amd64/server/libjvm.so
7f3c7244c000-7f3c724cb000 r--p 009f1000 08:03 2637165                    /usr/lib/jvm/java-7-openjdk-amd64/jre/lib/amd64/server/libjvm.so
7f3c724cb000-7f3c724ee000 rw-p 00a70000 08:03 2637165                    /usr/lib/jvm/java-7-openjdk-amd64/jre/lib/amd64/server/libjvm.so
7f3c724ee000-7f3c72519000 rw-p 00000000 00:00 0 
7f3c72519000-7f3c72699000 r-xp 00000000 08:03 262177                     /lib/x86_64-linux-gnu/libc-2.13.so
7f3c72699000-7f3c72899000 ---p 00180000 08:03 262177                     /lib/x86_64-linux-gnu/libc-2.13.so
7f3c72899000-7f3c7289d000 r--p 00180000 08:03 262177                     /lib/x86_64-linux-gnu/libc-2.13.so
7f3c7289d000-7f3c7289e000 rw-p 00184000 08:03 262177                     /lib/x86_64-linux-gnu/libc-2.13.so
7f3c7289e000-7f3c728a3000 rw-p 00000000 00:00 0 
7f3c728a3000-7f3c728a5000 r-xp 00000000 08:03 262170                     /lib/x86_64-linux-gnu/libdl-2.13.so
7f3c728a5000-7f3c72aa5000 ---p 00002000 08:03 262170                     /lib/x86_64-linux-gnu/libdl-2.13.so
7f3c72aa5000-7f3c72aa6000 r--p 00002000 08:03 262170                     /lib/x86_64-linux-gnu/libdl-2.13.so
7f3c72aa6000-7f3c72aa7000 rw-p 00003000 08:03 262170                     /lib/x86_64-linux-gnu/libdl-2.13.so
7f3c72aa7000-7f3c72abd000 r-xp 00000000 08:03 262283                     /lib/x86_64-linux-gnu/libz.so.1.2.7
7f3c72abd000-7f3c72cbc000 ---p 00016000 08:03 262283                     /lib/x86_64-linux-gnu/libz.so.1.2.7
7f3c72cbc000-7f3c72cbd000 r--p 00015000 08:03 262283                     /lib/x86_64-linux-gnu/libz.so.1.2.7
7f3c72cbd000-7f3c72cbe000 rw-p 00016000 08:03 262283                     /lib/x86_64-linux-gnu/libz.so.1.2.7
7f3c72cbe000-7f3c72ccb000 r-xp 00000000 08:03 2637162                    /usr/lib/jvm/java-7-openjdk-amd64/jre/lib/amd64/jli/libjli.so
7f3c72ccb000-7f3c72eca000 ---p 0000d000 08:03 2637162                    /usr/lib/jvm/java-7-openjdk-amd64/jre/lib/amd64/jli/libjli.so
7f3c72eca000-7f3c72ecb000 r--p 0000c000 08:03 2637162                    /usr/lib/jvm/java-7-openjdk-amd64/jre/lib/amd64/jli/libjli.so
7f3c72ecb000-7f3c72ecc000 rw-p 0000d000 08:03 2637162                    /usr/lib/jvm/java-7-openjdk-amd64/jre/lib/amd64/jli/libjli.so
7f3c72ecc000-7f3c72ee3000 r-xp 00000000 08:03 262167                     /lib/x86_64-linux-gnu/libpthread-2.13.so
7f3c72ee3000-7f3c730e2000 ---p 00017000 08:03 262167                     /lib/x86_64-linux-gnu/libpthread-2.13.so
7f3c730e2000-7f3c730e3000 r--p 00016000 08:03 262167                     /lib/x86_64-linux-gnu/libpthread-2.13.so
7f3c730e3000-7f3c730e4000 rw-p 00017000 08:03 262167                     /lib/x86_64-linux-gnu/libpthread-2.13.so
7f3c730e4000-7f3c730e8000 rw-p 00000000 00:00 0 
7f3c730e8000-7f3c73108000 r-xp 00000000 08:03 262180                     /lib/x86_64-linux-gnu/ld-2.13.so
7f3c73115000-7f3c7311f000 rw-p 00000000 00:00 0 
7f3c7311f000-7f3c731d5000 rw-p 00000000 00:00 0 
7f3c731d5000-7f3c731d8000 ---p 00000000 00:00 0 
7f3c731d8000-7f3c732db000 rw-p 00000000 00:00 0 
7f3c732e8000-7f3c732ea000 rw-p 00000000 00:00 0 
7f3c732ea000-7f3c732ed000 r--s 0000f000 08:03 2111624                    /usr/lib/jvm/java-7-openjdk-common/jre/lib/ext/pulse-java.jar
7f3c732ed000-7f3c732ee000 r--s 00002000 08:03 2111627                    /usr/lib/jvm/java-7-openjdk-common/jre/lib/ext/dnsns.jar
7f3c732ee000-7f3c732f0000 r--s 00012000 08:03 2111622                    /usr/lib/jvm/java-7-openjdk-common/jre/lib/ext/zipfs.jar
7f3c732f0000-7f3c732f4000 r--s 00085000 08:03 2111625                    /usr/lib/jvm/java-7-openjdk-common/jre/lib/ext/localedata.jar
7f3c732f4000-7f3c732f5000 r--s 00007000 08:03 1705475                    /usr/share/java/java-atk-wrapper.jar
7f3c732f5000-7f3c732f8000 r--s 0003c000 08:03 2111623                    /usr/lib/jvm/java-7-openjdk-common/jre/lib/ext/sunpkcs11.jar
7f3c732f8000-7f3c732fb000 r--s 00032000 08:03 2111626                    /usr/lib/jvm/java-7-openjdk-common/jre/lib/ext/sunjce_provider.jar
7f3c732fb000-7f3c73303000 rw-s 00000000 08:03 7078013                    /tmp/hsperfdata_youtztim/18270
7f3c73303000-7f3c73304000 rw-p 00000000 00:00 0 
7f3c73304000-7f3c73305000 r--p 00000000 00:00 0 
7f3c73305000-7f3c73307000 rw-p 00000000 00:00 0 
7f3c73307000-7f3c73308000 r--p 0001f000 08:03 262180                     /lib/x86_64-linux-gnu/ld-2.13.so
7f3c73308000-7f3c73309000 rw-p 00020000 08:03 262180                     /lib/x86_64-linux-gnu/ld-2.13.so
7f3c73309000-7f3c7330a000 rw-p 00000000 00:00 0 
7fff59c72000-7fff59c93000 rw-p 00000000 00:00 0                          [stack]
7fff59d95000-7fff59d96000 r-xp 00000000 00:00 0                          [vdso]
ffffffffff600000-ffffffffff601000 r-xp 00000000 00:00 0                  [vsyscall]

VM Arguments:
jvm_args: -agentlib:jdwp=transport=dt_socket,suspend=y,address=localhost:58698 -Dfile.encoding=UTF-8 
java_command: edu.grinnell.csc207.youtztim.utils.StringUtils
Launcher Type: SUN_STANDARD

Environment Variables:
PATH=/usr/local/bin:/usr/bin:/bin:/usr/local/games:/usr/games
SHELL=/bin/bash
DISPLAY=:0.0

Signal Handlers:
SIGSEGV: [libjvm.so+0x84ff00], sa_mask[0]=0x7ffbfeff, sa_flags=0x10000004
SIGBUS: [libjvm.so+0x84ff00], sa_mask[0]=0x7ffbfeff, sa_flags=0x10000004
SIGFPE: [libjvm.so+0x6f2230], sa_mask[0]=0x7ffbfeff, sa_flags=0x10000004
SIGPIPE: [libjvm.so+0x6f2230], sa_mask[0]=0x7ffbfeff, sa_flags=0x10000004
SIGXFSZ: [libjvm.so+0x6f2230], sa_mask[0]=0x7ffbfeff, sa_flags=0x10000004
SIGILL: [libjvm.so+0x6f2230], sa_mask[0]=0x7ffbfeff, sa_flags=0x10000004
SIGUSR1: SIG_DFL, sa_mask[0]=0x00000000, sa_flags=0x00000000
SIGUSR2: [libjvm.so+0x6f2600], sa_mask[0]=0x00000004, sa_flags=0x10000004
SIGHUP: [libjvm.so+0x6f2740], sa_mask[0]=0x7ffbfeff, sa_flags=0x10000004
SIGINT: [libjvm.so+0x6f2740], sa_mask[0]=0x7ffbfeff, sa_flags=0x10000004
SIGTERM: [libjvm.so+0x6f2740], sa_mask[0]=0x7ffbfeff, sa_flags=0x10000004
SIGQUIT: [libjvm.so+0x6f2740], sa_mask[0]=0x7ffbfeff, sa_flags=0x10000004


---------------  S Y S T E M  ---------------

OS:7.1

uname:Linux 3.2.0-4-amd64 #1 SMP Debian 3.2.46-1+deb7u1 x86_64
libc:glibc 2.13 NPTL 2.13 
rlimit: STACK 8192k, CORE 0k, NPROC 31301, NOFILE 4096, AS infinity
load average:0.07 0.06 0.06

/proc/meminfo:
MemTotal:        4018760 kB
MemFree:         1244296 kB
Buffers:          160548 kB
Cached:          1408192 kB
SwapCached:            0 kB
Active:          1685188 kB
Inactive:         813616 kB
Active(anon):     931628 kB
Inactive(anon):     8636 kB
Active(file):     753560 kB
Inactive(file):   804980 kB
Unevictable:           0 kB
Mlocked:               0 kB
SwapTotal:       3999740 kB
SwapFree:        3999740 kB
Dirty:                72 kB
Writeback:             0 kB
AnonPages:        930180 kB
Mapped:           170116 kB
Shmem:             10140 kB
Slab:             133188 kB
SReclaimable:     109268 kB
SUnreclaim:        23920 kB
KernelStack:        3920 kB
PageTables:        21472 kB
NFS_Unstable:          0 kB
Bounce:                0 kB
WritebackTmp:          0 kB
CommitLimit:     6009120 kB
Committed_AS:    2921808 kB
VmallocTotal:   34359738367 kB
VmallocUsed:      305400 kB
VmallocChunk:   34359430776 kB
HardwareCorrupted:     0 kB
AnonHugePages:         0 kB
HugePages_Total:       0
HugePages_Free:        0
HugePages_Rsvd:        0
HugePages_Surp:        0
Hugepagesize:       2048 kB
DirectMap4k:      110592 kB
DirectMap2M:     4042752 kB


CPU:total 4 (2 cores per cpu, 2 threads per core) family 6 model 42 stepping 7, cmov, cx8, fxsr, mmx, sse, sse2, sse3, ssse3, sse4.1, sse4.2, popcnt, avx, ht, tsc, tscinvbit

/proc/cpuinfo:
processor	: 0
vendor_id	: GenuineIntel
cpu family	: 6
model		: 42
model name	: Intel(R) Core(TM) i3-2100 CPU @ 3.10GHz
stepping	: 7
microcode	: 0x14
cpu MHz		: 1600.000
cache size	: 3072 KB
physical id	: 0
siblings	: 4
core id		: 0
cpu cores	: 2
apicid		: 0
initial apicid	: 0
fpu		: yes
fpu_exception	: yes
cpuid level	: 13
wp		: yes
flags		: fpu vme de pse tsc msr pae mce cx8 apic sep mtrr pge mca cmov pat pse36 clflush dts acpi mmx fxsr sse sse2 ss ht tm pbe syscall nx rdtscp lm constant_tsc arch_perfmon pebs bts rep_good nopl xtopology nonstop_tsc aperfmperf pni pclmulqdq dtes64 monitor ds_cpl vmx est tm2 ssse3 cx16 xtpr pdcm pcid sse4_1 sse4_2 popcnt tsc_deadline_timer xsave avx lahf_lm arat epb xsaveopt pln pts dtherm tpr_shadow vnmi flexpriority ept vpid
bogomips	: 6186.15
clflush size	: 64
cache_alignment	: 64
address sizes	: 36 bits physical, 48 bits virtual
power management:

processor	: 1
vendor_id	: GenuineIntel
cpu family	: 6
model		: 42
model name	: Intel(R) Core(TM) i3-2100 CPU @ 3.10GHz
stepping	: 7
microcode	: 0x14
cpu MHz		: 1600.000
cache size	: 3072 KB
physical id	: 0
siblings	: 4
core id		: 1
cpu cores	: 2
apicid		: 2
initial apicid	: 2
fpu		: yes
fpu_exception	: yes
cpuid level	: 13
wp		: yes
flags		: fpu vme de pse tsc msr pae mce cx8 apic sep mtrr pge mca cmov pat pse36 clflush dts acpi mmx fxsr sse sse2 ss ht tm pbe syscall nx rdtscp lm constant_tsc arch_perfmon pebs bts rep_good nopl xtopology nonstop_tsc aperfmperf pni pclmulqdq dtes64 monitor ds_cpl vmx est tm2 ssse3 cx16 xtpr pdcm pcid sse4_1 sse4_2 popcnt tsc_deadline_timer xsave avx lahf_lm arat epb xsaveopt pln pts dtherm tpr_shadow vnmi flexpriority ept vpid
bogomips	: 6185.66
clflush size	: 64
cache_alignment	: 64
address sizes	: 36 bits physical, 48 bits virtual
power management:

processor	: 2
vendor_id	: GenuineIntel
cpu family	: 6
model		: 42
model name	: Intel(R) Core(TM) i3-2100 CPU @ 3.10GHz
stepping	: 7
microcode	: 0x14
cpu MHz		: 1600.000
cache size	: 3072 KB
physical id	: 0
siblings	: 4
core id		: 0
cpu cores	: 2
apicid		: 1
initial apicid	: 1
fpu		: yes
fpu_exception	: yes
cpuid level	: 13
wp		: yes
flags		: fpu vme de pse tsc msr pae mce cx8 apic sep mtrr pge mca cmov pat pse36 clflush dts acpi mmx fxsr sse sse2 ss ht tm pbe syscall nx rdtscp lm constant_tsc arch_perfmon pebs bts rep_good nopl xtopology nonstop_tsc aperfmperf pni pclmulqdq dtes64 monitor ds_cpl vmx est tm2 ssse3 cx16 xtpr pdcm pcid sse4_1 sse4_2 popcnt tsc_deadline_timer xsave avx lahf_lm arat epb xsaveopt pln pts dtherm tpr_shadow vnmi flexpriority ept vpid
bogomips	: 6185.67
clflush size	: 64
cache_alignment	: 64
address sizes	: 36 bits physical, 48 bits virtual
power management:

processor	: 3
vendor_id	: GenuineIntel
cpu family	: 6
model		: 42
model name	: Intel(R) Core(TM) i3-2100 CPU @ 3.10GHz
stepping	: 7
microcode	: 0x14
cpu MHz		: 1600.000
cache size	: 3072 KB
physical id	: 0
siblings	: 4
core id		: 1
cpu cores	: 2
apicid		: 3
initial apicid	: 3
fpu		: yes
fpu_exception	: yes
cpuid level	: 13
wp		: yes
flags		: fpu vme de pse tsc msr pae mce cx8 apic sep mtrr pge mca cmov pat pse36 clflush dts acpi mmx fxsr sse sse2 ss ht tm pbe syscall nx rdtscp lm constant_tsc arch_perfmon pebs bts rep_good nopl xtopology nonstop_tsc aperfmperf pni pclmulqdq dtes64 monitor ds_cpl vmx est tm2 ssse3 cx16 xtpr pdcm pcid sse4_1 sse4_2 popcnt tsc_deadline_timer xsave avx lahf_lm arat epb xsaveopt pln pts dtherm tpr_shadow vnmi flexpriority ept vpid
bogomips	: 6185.65
clflush size	: 64
cache_alignment	: 64
address sizes	: 36 bits physical, 48 bits virtual
power management:



Memory: 4k page, physical 4018760k(1244296k free), swap 3999740k(3999740k free)

vm_info: OpenJDK 64-Bit Server VM (23.7-b01) for linux-amd64 JRE (1.7.0_25-b30), built on Jul  3 2013 10:28:26 by "jmm" with gcc 4.7.2

time: Sun Sep 15 17:42:14 2013
elapsed time: 421 seconds

